<?xml version="1.0" encoding="utf-8" standalone="no"?>
<!-- launch-sync-type = timer or key -->
<conf backuppath="backup" launch-sync-type="key" reportpath="." time-to-launch="10000" tournamentmode="0" tournamentname="GridSimulation">
<simulation-server backlog="10" port="12300"/>
<visualization flashport="1099" flashserver="" flashservice="WebServer-SPSInterface"/>
<match>

<simulation configurationclass="GridSimulationConfigurationHandCrafted" file-simulationlog="./log" id="fences" rmiobserver="" rmixmlobserver="GridSimulationRMIXMLDocumentObserver" rmixmlobsserverhost="localhost" rmixmlobsserverport="1097" simulationclass="GridSimulation" visualisationobserver="GridSimulationVisualizationObserver" xmlobserver="" xmlobserverpath="." xmlstatisticsobserver="">


<configuration xmlns:meta="http://www.tu-clausthal.de/" agentSpeed="1" agentWeight="-200" cowAttractedWeight="10" cowPrivateField="3" cowScareWeight="-7" cowSight="5" cowSpeed="3" emptyWeight="3" epsilon="0.2" htaccess="1" lineOfSight="8" maxNumberOfSteps="10000" numberOfAgents="20" numberOfCows="0" numberOfFences="12" numberOfObstacles="667" obstacleWeight="-4" sizex="80" sizey="80" weight="0.3">
<array item0="31" item1="32" item10="35" item11="36" item12="35" item13="35" item14="36" item15="37" item16="35" item17="35" item18="36" item19="37" item2="33" item3="37" item4="30" item5="31" item6="32" item7="33" item8="31" item9="31" meta:length="20" meta:name="agentPositionX"/>
<array item0="38" item1="38" item10="38" item11="38" item12="39" item13="40" item14="40" item15="40" item16="41" item17="42" item18="42" item19="42" item2="38" item3="38" item4="39" item5="40" item6="40" item7="40" item8="41" item9="42" meta:length="20" meta:name="agentPositionY"/>
<array item0="1" item1="21" meta:length="2" meta:name="stable1X"/>
<array item0="1" item1="20" meta:length="2" meta:name="stable1Y"/>
<array item0="57" item1="78" meta:length="2" meta:name="stable2X"/>
<array item0="60" item1="78" meta:length="2" meta:name="stable2Y"/>
<array item0="0" item1="1" item10="10" item100="38" item101="79" item102="0" item103="38" item104="79" item105="0" item106="38" item107="39" item108="40" item109="41" item11="11" item110="58" item111="59" item112="60" item113="61" item114="78" item115="79" item116="0" item117="38" item118="60" item119="79" item12="12" item120="0" item121="38" item122="60" item123="79" item124="0" item125="38" item126="60" item127="79" item128="0" item129="38" item13="13" item130="60" item131="79" item132="0" item133="38" item134="60" item135="79" item136="0" item137="60" item138="79" item139="0" item14="14" item140="60" item141="79" item142="0" item143="60" item144="79" item145="0" item146="60" item147="79" item148="0" item149="60" item15="15" item150="79" item151="0" item152="60" item153="79" item154="0" item155="22" item156="23" item157="24" item158="25" item159="60" item16="16" item160="79" item161="0" item162="1" item163="2" item164="3" item165="4" item166="5" item167="6" item168="7" item169="8" item17="17" item170="9" item171="10" item172="11" item173="12" item174="13" item175="14" item176="15" item177="16" item178="17" item179="18" item18="18" item180="19" item181="20" item182="21" item183="22" item184="23" item185="24" item186="25" item187="60" item188="79" item189="0" item19="19" item190="25" item191="26" item192="60" item193="79" item194="0" item195="25" item196="26" item197="60" item198="79" item199="0" item2="2" item20="20" item200="25" item201="26" item202="60" item203="79" item204="0" item205="25" item206="26" item207="60" item208="79" item209="0" item21="21" item210="25" item211="26" item212="60" item213="79" item214="0" item215="25" item216="26" item217="60" item218="79" item219="0" item22="22" item220="25" item221="26" item222="60" item223="79" item224="0" item225="25" item226="26" item227="60" item228="79" item229="0" item23="23" item230="25" item231="26" item232="60" item233="79" item234="0" item235="25" item236="26" item237="60" item238="79" item239="0" item24="24" item240="25" item241="26" item242="38" item243="60" item244="79" item245="0" item246="25" item247="26" item248="38" item249="60" item25="25" item250="79" item251="0" item252="25" item253="26" item254="38" item255="60" item256="79" item257="0" item258="26" item259="27" item26="26" item260="28" item261="29" item262="30" item263="31" item264="32" item265="33" item266="34" item267="35" item268="36" item269="37" item27="27" item270="38" item271="39" item272="40" item273="41" item274="42" item275="43" item276="44" item277="45" item278="46" item279="47" item28="28" item280="48" item281="49" item282="50" item283="51" item284="52" item285="53" item286="54" item287="55" item288="56" item289="57" item29="29" item290="58" item291="59" item292="60" item293="79" item294="0" item295="60" item296="79" item297="0" item298="60" item299="79" item3="3" item30="30" item300="0" item301="40" item302="44" item303="46" item304="47" item305="48" item306="50" item307="51" item308="52" item309="54" item31="31" item310="55" item311="56" item312="60" item313="79" item314="0" item315="40" item316="41" item317="44" item318="46" item319="50" item32="32" item320="54" item321="60" item322="79" item323="0" item324="40" item325="42" item326="44" item327="46" item328="50" item329="51" item33="33" item330="52" item331="54" item332="55" item333="56" item334="60" item335="79" item336="0" item337="40" item338="43" item339="44" item34="34" item340="46" item341="50" item342="56" item343="60" item344="79" item345="0" item346="40" item347="44" item348="46" item349="47" item35="35" item350="48" item351="50" item352="51" item353="52" item354="54" item355="55" item356="56" item357="60" item358="79" item359="0" item36="36" item360="60" item361="79" item362="0" item363="60" item364="79" item365="0" item366="60" item367="79" item368="0" item369="60" item37="37" item370="79" item371="0" item372="60" item373="79" item374="0" item375="60" item376="79" item377="0" item378="26" item379="27" item38="38" item380="28" item381="29" item382="30" item383="31" item384="32" item385="33" item386="34" item387="52" item388="53" item389="54" item39="39" item390="55" item391="56" item392="57" item393="58" item394="59" item395="60" item396="79" item397="0" item398="26" item399="79" item4="4" item40="40" item400="0" item401="26" item402="79" item403="0" item404="26" item405="79" item406="0" item407="26" item408="79" item409="0" item41="41" item410="26" item411="79" item412="0" item413="26" item414="79" item415="0" item416="26" item417="79" item418="0" item419="26" item42="42" item420="79" item421="0" item422="26" item423="79" item424="0" item425="26" item426="52" item427="53" item428="54" item429="55" item43="43" item430="56" item431="57" item432="58" item433="59" item434="60" item435="61" item436="62" item437="63" item438="64" item439="65" item44="44" item440="66" item441="67" item442="68" item443="69" item444="70" item445="71" item446="72" item447="73" item448="74" item449="75" item45="45" item450="76" item451="77" item452="78" item453="79" item454="0" item455="26" item456="52" item457="53" item458="54" item459="55" item46="46" item460="56" item461="79" item462="0" item463="26" item464="52" item465="79" item466="0" item467="26" item468="52" item469="79" item47="47" item470="0" item471="26" item472="52" item473="79" item474="0" item475="26" item476="27" item477="28" item478="29" item479="30" item48="48" item480="31" item481="32" item482="33" item483="34" item484="35" item485="36" item486="37" item487="38" item488="39" item489="40" item49="49" item490="41" item491="42" item492="43" item493="44" item494="45" item495="46" item496="47" item497="48" item498="49" item499="50" item5="5" item50="50" item500="51" item501="52" item502="79" item503="0" item504="79" item505="0" item506="79" item507="0" item508="79" item509="0" item51="51" item510="79" item511="0" item512="79" item513="0" item514="79" item515="0" item516="79" item517="0" item518="79" item519="0" item52="52" item520="79" item521="0" item522="79" item523="0" item524="79" item525="0" item526="79" item527="0" item528="79" item529="0" item53="53" item530="1" item531="2" item532="3" item533="4" item534="5" item535="6" item536="7" item537="8" item538="9" item539="10" item54="54" item540="11" item541="12" item542="13" item543="14" item544="15" item545="16" item546="17" item547="18" item548="19" item549="20" item55="55" item550="21" item551="22" item552="23" item553="24" item554="25" item555="26" item556="27" item557="28" item558="29" item559="30" item56="56" item560="31" item561="32" item562="33" item563="34" item564="35" item565="36" item566="37" item567="38" item568="39" item569="40" item57="57" item570="41" item571="42" item572="43" item573="44" item574="45" item575="46" item576="47" item577="48" item578="49" item579="50" item58="58" item580="51" item581="52" item582="53" item583="54" item584="55" item585="56" item586="79" item587="0" item588="1" item589="2" item59="59" item590="3" item591="4" item592="5" item593="6" item594="7" item595="8" item596="9" item597="10" item598="11" item599="12" item6="6" item60="60" item600="13" item601="14" item602="15" item603="16" item604="17" item605="18" item606="19" item607="20" item608="21" item609="22" item61="61" item610="23" item611="24" item612="25" item613="26" item614="27" item615="28" item616="29" item617="30" item618="31" item619="32" item62="62" item620="33" item621="34" item622="35" item623="36" item624="37" item625="38" item626="39" item627="40" item628="41" item629="42" item63="63" item630="43" item631="44" item632="45" item633="46" item634="47" item635="48" item636="49" item637="50" item638="51" item639="52" item64="64" item640="53" item641="54" item642="55" item643="56" item644="57" item645="58" item646="59" item647="60" item648="61" item649="62" item65="65" item650="63" item651="64" item652="65" item653="66" item654="67" item655="68" item656="69" item657="70" item658="71" item659="72" item66="66" item660="73" item661="74" item662="75" item663="76" item664="77" item665="78" item666="79" item67="67" item68="68" item69="69" item7="7" item70="70" item71="71" item72="72" item73="73" item74="74" item75="75" item76="76" item77="77" item78="78" item79="79" item8="8" item80="0" item81="22" item82="23" item83="24" item84="25" item85="38" item86="79" item87="0" item88="38" item89="79" item9="9" item90="0" item91="38" item92="79" item93="0" item94="38" item95="79" item96="0" item97="38" item98="79" item99="0" meta:length="667" meta:name="obstaclePositionX"/>
<array item0="0" item1="0" item10="0" item100="6" item101="6" item102="7" item103="7" item104="7" item105="8" item106="8" item107="8" item108="8" item109="8" item11="0" item110="8" item111="8" item112="8" item113="8" item114="8" item115="8" item116="9" item117="9" item118="9" item119="9" item12="0" item120="10" item121="10" item122="10" item123="10" item124="11" item125="11" item126="11" item127="11" item128="12" item129="12" item13="0" item130="12" item131="12" item132="13" item133="13" item134="13" item135="13" item136="14" item137="14" item138="14" item139="15" item14="0" item140="15" item141="15" item142="16" item143="16" item144="16" item145="17" item146="17" item147="17" item148="18" item149="18" item15="0" item150="18" item151="19" item152="19" item153="19" item154="20" item155="20" item156="20" item157="20" item158="20" item159="20" item16="0" item160="20" item161="21" item162="21" item163="21" item164="21" item165="21" item166="21" item167="21" item168="21" item169="21" item17="0" item170="21" item171="21" item172="21" item173="21" item174="21" item175="21" item176="21" item177="21" item178="21" item179="21" item18="0" item180="21" item181="21" item182="21" item183="21" item184="21" item185="21" item186="21" item187="21" item188="21" item189="22" item19="0" item190="22" item191="22" item192="22" item193="22" item194="23" item195="23" item196="23" item197="23" item198="23" item199="24" item2="0" item20="0" item200="24" item201="24" item202="24" item203="24" item204="25" item205="25" item206="25" item207="25" item208="25" item209="26" item21="0" item210="26" item211="26" item212="26" item213="26" item214="27" item215="27" item216="27" item217="27" item218="27" item219="28" item22="0" item220="28" item221="28" item222="28" item223="28" item224="29" item225="29" item226="29" item227="29" item228="29" item229="30" item23="0" item230="30" item231="30" item232="30" item233="30" item234="31" item235="31" item236="31" item237="31" item238="31" item239="32" item24="0" item240="32" item241="32" item242="32" item243="32" item244="32" item245="33" item246="33" item247="33" item248="33" item249="33" item25="0" item250="33" item251="34" item252="34" item253="34" item254="34" item255="34" item256="34" item257="35" item258="35" item259="35" item26="0" item260="35" item261="35" item262="35" item263="35" item264="35" item265="35" item266="35" item267="35" item268="35" item269="35" item27="0" item270="35" item271="35" item272="35" item273="35" item274="35" item275="35" item276="35" item277="35" item278="35" item279="35" item28="0" item280="35" item281="35" item282="35" item283="35" item284="35" item285="35" item286="35" item287="35" item288="35" item289="35" item29="0" item290="35" item291="35" item292="35" item293="35" item294="36" item295="36" item296="36" item297="37" item298="37" item299="37" item3="0" item30="0" item300="38" item301="38" item302="38" item303="38" item304="38" item305="38" item306="38" item307="38" item308="38" item309="38" item31="0" item310="38" item311="38" item312="38" item313="38" item314="39" item315="39" item316="39" item317="39" item318="39" item319="39" item32="0" item320="39" item321="39" item322="39" item323="40" item324="40" item325="40" item326="40" item327="40" item328="40" item329="40" item33="0" item330="40" item331="40" item332="40" item333="40" item334="40" item335="40" item336="41" item337="41" item338="41" item339="41" item34="0" item340="41" item341="41" item342="41" item343="41" item344="41" item345="42" item346="42" item347="42" item348="42" item349="42" item35="0" item350="42" item351="42" item352="42" item353="42" item354="42" item355="42" item356="42" item357="42" item358="42" item359="43" item36="0" item360="43" item361="43" item362="44" item363="44" item364="44" item365="45" item366="45" item367="45" item368="46" item369="46" item37="0" item370="46" item371="47" item372="47" item373="47" item374="48" item375="48" item376="48" item377="49" item378="49" item379="49" item38="0" item380="49" item381="49" item382="49" item383="49" item384="49" item385="49" item386="49" item387="49" item388="49" item389="49" item39="0" item390="49" item391="49" item392="49" item393="49" item394="49" item395="49" item396="49" item397="50" item398="50" item399="50" item4="0" item40="0" item400="51" item401="51" item402="51" item403="52" item404="52" item405="52" item406="53" item407="53" item408="53" item409="54" item41="0" item410="54" item411="54" item412="55" item413="55" item414="55" item415="56" item416="56" item417="56" item418="57" item419="57" item42="0" item420="57" item421="58" item422="58" item423="58" item424="59" item425="59" item426="59" item427="59" item428="59" item429="59" item43="0" item430="59" item431="59" item432="59" item433="59" item434="59" item435="59" item436="59" item437="59" item438="59" item439="59" item44="0" item440="59" item441="59" item442="59" item443="59" item444="59" item445="59" item446="59" item447="59" item448="59" item449="59" item45="0" item450="59" item451="59" item452="59" item453="59" item454="60" item455="60" item456="60" item457="60" item458="60" item459="60" item46="0" item460="60" item461="60" item462="61" item463="61" item464="61" item465="61" item466="62" item467="62" item468="62" item469="62" item47="0" item470="63" item471="63" item472="63" item473="63" item474="64" item475="64" item476="64" item477="64" item478="64" item479="64" item48="0" item480="64" item481="64" item482="64" item483="64" item484="64" item485="64" item486="64" item487="64" item488="64" item489="64" item49="0" item490="64" item491="64" item492="64" item493="64" item494="64" item495="64" item496="64" item497="64" item498="64" item499="64" item5="0" item50="0" item500="64" item501="64" item502="64" item503="65" item504="65" item505="66" item506="66" item507="67" item508="67" item509="68" item51="0" item510="68" item511="69" item512="69" item513="70" item514="70" item515="71" item516="71" item517="72" item518="72" item519="73" item52="0" item520="73" item521="74" item522="74" item523="75" item524="75" item525="76" item526="76" item527="77" item528="77" item529="78" item53="0" item530="78" item531="78" item532="78" item533="78" item534="78" item535="78" item536="78" item537="78" item538="78" item539="78" item54="0" item540="78" item541="78" item542="78" item543="78" item544="78" item545="78" item546="78" item547="78" item548="78" item549="78" item55="0" item550="78" item551="78" item552="78" item553="78" item554="78" item555="78" item556="78" item557="78" item558="78" item559="78" item56="0" item560="78" item561="78" item562="78" item563="78" item564="78" item565="78" item566="78" item567="78" item568="78" item569="78" item57="0" item570="78" item571="78" item572="78" item573="78" item574="78" item575="78" item576="78" item577="78" item578="78" item579="78" item58="0" item580="78" item581="78" item582="78" item583="78" item584="78" item585="78" item586="78" item587="79" item588="79" item589="79" item59="0" item590="79" item591="79" item592="79" item593="79" item594="79" item595="79" item596="79" item597="79" item598="79" item599="79" item6="0" item60="0" item600="79" item601="79" item602="79" item603="79" item604="79" item605="79" item606="79" item607="79" item608="79" item609="79" item61="0" item610="79" item611="79" item612="79" item613="79" item614="79" item615="79" item616="79" item617="79" item618="79" item619="79" item62="0" item620="79" item621="79" item622="79" item623="79" item624="79" item625="79" item626="79" item627="79" item628="79" item629="79" item63="0" item630="79" item631="79" item632="79" item633="79" item634="79" item635="79" item636="79" item637="79" item638="79" item639="79" item64="0" item640="79" item641="79" item642="79" item643="79" item644="79" item645="79" item646="79" item647="79" item648="79" item649="79" item65="0" item650="79" item651="79" item652="79" item653="79" item654="79" item655="79" item656="79" item657="79" item658="79" item659="79" item66="0" item660="79" item661="79" item662="79" item663="79" item664="79" item665="79" item666="79" item67="0" item68="0" item69="0" item7="0" item70="0" item71="0" item72="0" item73="0" item74="0" item75="0" item76="0" item77="0" item78="0" item79="0" item8="0" item80="1" item81="1" item82="1" item83="1" item84="1" item85="1" item86="1" item87="2" item88="2" item89="2" item9="0" item90="3" item91="3" item92="3" item93="4" item94="4" item95="4" item96="5" item97="5" item98="5" item99="6" meta:length="667" meta:name="obstaclePositionY"/>
<array meta:length="0" meta:name="cowPositionX"/>
<array meta:length="0" meta:name="cowPositionY"/>
<array item0="23" item1="57" item10="1" item11="27" item2="77" item3="38" item4="61" item5="27" item6="25" item7="51" item8="60" item9="55" meta:length="12" meta:name="switchX"/>
<array item0="2" item1="8" item10="64" item11="65" item2="8" item3="14" item4="31" item5="36" item6="49" item7="49" item8="50" item9="61" meta:length="12" meta:name="switchY"/>
<array item0="17" item1="15" item10="24" item11="12" item2="15" item3="17" item4="17" item5="12" item6="24" item7="16" item8="8" item9="16" meta:length="12" meta:name="fenceLength"/>
<array item0="down" item1="left" item10="right" item11="down" item2="left" item3="down" item4="right" item5="down" item6="left" item7="left" item8="down" item9="down" meta:length="12" meta:name="fenceDirections"/>
</configuration>
<agents>

<agent agentclass="GridSimulationAgent" agentcreationclass="GridSimulationAgentParameter" team="red">
<configuration/>
</agent>
<agent agentclass="GridSimulationAgent" agentcreationclass="GridSimulationAgentParameter" team="red">
<configuration/>
</agent>
<agent agentclass="GridSimulationAgent" agentcreationclass="GridSimulationAgentParameter" team="red">
<configuration/>
</agent>
<agent agentclass="GridSimulationAgent" agentcreationclass="GridSimulationAgentParameter" team="red">
<configuration/>
</agent>
<agent agentclass="GridSimulationAgent" agentcreationclass="GridSimulationAgentParameter" team="red">
<configuration/>
</agent>
<agent agentclass="GridSimulationAgent" agentcreationclass="GridSimulationAgentParameter" team="red">
<configuration/>
</agent>
<agent agentclass="GridSimulationAgent" agentcreationclass="GridSimulationAgentParameter" team="red">
<configuration/>
</agent>
<agent agentclass="GridSimulationAgent" agentcreationclass="GridSimulationAgentParameter" team="red">
<configuration/>
</agent>
<agent agentclass="GridSimulationAgent" agentcreationclass="GridSimulationAgentParameter" team="red">
<configuration/>
</agent>
<agent agentclass="GridSimulationAgent" agentcreationclass="GridSimulationAgentParameter" team="red">
<configuration/>
</agent>
<agent agentclass="GridSimulationAgent" agentcreationclass="GridSimulationAgentParameter" team="blue">
<configuration/>
</agent>
<agent agentclass="GridSimulationAgent" agentcreationclass="GridSimulationAgentParameter" team="blue">
<configuration/>
</agent>
<agent agentclass="GridSimulationAgent" agentcreationclass="GridSimulationAgentParameter" team="blue">
<configuration/>
</agent>
<agent agentclass="GridSimulationAgent" agentcreationclass="GridSimulationAgentParameter" team="blue">
<configuration/>
</agent>
<agent agentclass="GridSimulationAgent" agentcreationclass="GridSimulationAgentParameter" team="blue">
<configuration/>
</agent>
<agent agentclass="GridSimulationAgent" agentcreationclass="GridSimulationAgentParameter" team="blue">
<configuration/>
</agent>
<agent agentclass="GridSimulationAgent" agentcreationclass="GridSimulationAgentParameter" team="blue">
<configuration/>
</agent>
<agent agentclass="GridSimulationAgent" agentcreationclass="GridSimulationAgentParameter" team="blue">
<configuration/>
</agent>
<agent agentclass="GridSimulationAgent" agentcreationclass="GridSimulationAgentParameter" team="blue">
<configuration/>
</agent>
<agent agentclass="GridSimulationAgent" agentcreationclass="GridSimulationAgentParameter" team="blue">
<configuration/>
</agent>
</agents>
</simulation>
</match>
<accounts>
<actionclassmap name="Grid">
<actionclass class="GridSimulationAgentAction" id="action"/>
<actionclass class="massim.InvalidAction" id="invalid"/>
</actionclassmap>

<account actionclassmap="Grid" auxtimeout="50" defaultactionclass="GridSimulationAgentAction" maxpacketlength="65536" password="1" team="A" timeout="800" username="a1"/>
<account actionclassmap="Grid" auxtimeout="50" defaultactionclass="GridSimulationAgentAction" maxpacketlength="65536" password="1" team="A" timeout="800" username="a2"/>
<account actionclassmap="Grid" auxtimeout="50" defaultactionclass="GridSimulationAgentAction" maxpacketlength="65536" password="1" team="A" timeout="800" username="a3"/>
<account actionclassmap="Grid" auxtimeout="50" defaultactionclass="GridSimulationAgentAction" maxpacketlength="65536" password="1" team="A" timeout="800" username="a4"/>
<account actionclassmap="Grid" auxtimeout="50" defaultactionclass="GridSimulationAgentAction" maxpacketlength="65536" password="1" team="A" timeout="800" username="a5"/>
<account actionclassmap="Grid" auxtimeout="50" defaultactionclass="GridSimulationAgentAction" maxpacketlength="65536" password="1" team="A" timeout="800" username="a6"/>
<account actionclassmap="Grid" auxtimeout="50" defaultactionclass="GridSimulationAgentAction" maxpacketlength="65536" password="1" team="A" timeout="800" username="a7"/>
<account actionclassmap="Grid" auxtimeout="50" defaultactionclass="GridSimulationAgentAction" maxpacketlength="65536" password="1" team="A" timeout="800" username="a8"/>
<account actionclassmap="Grid" auxtimeout="50" defaultactionclass="GridSimulationAgentAction" maxpacketlength="65536" password="1" team="A" timeout="800" username="a9"/>
<account actionclassmap="Grid" auxtimeout="50" defaultactionclass="GridSimulationAgentAction" maxpacketlength="65536" password="1" team="A" timeout="800" username="a10"/>
<account actionclassmap="Grid" auxtimeout="500" defaultactionclass="GridSimulationAgentAction" maxpacketlength="65536" password="1" team="B" timeout="4000" username="b1"/>
<account actionclassmap="Grid" auxtimeout="500" defaultactionclass="GridSimulationAgentAction" maxpacketlength="65536" password="1" team="B" timeout="4000" username="b2"/>
<account actionclassmap="Grid" auxtimeout="500" defaultactionclass="GridSimulationAgentAction" maxpacketlength="65536" password="1" team="B" timeout="4000" username="b3"/>
<account actionclassmap="Grid" auxtimeout="500" defaultactionclass="GridSimulationAgentAction" maxpacketlength="65536" password="1" team="B" timeout="4000" username="b4"/>
<account actionclassmap="Grid" auxtimeout="500" defaultactionclass="GridSimulationAgentAction" maxpacketlength="65536" password="1" team="B" timeout="4000" username="b5"/>
<account actionclassmap="Grid" auxtimeout="500" defaultactionclass="GridSimulationAgentAction" maxpacketlength="65536" password="1" team="B" timeout="4000" username="b6"/>
<account actionclassmap="Grid" auxtimeout="500" defaultactionclass="GridSimulationAgentAction" maxpacketlength="65536" password="1" team="B" timeout="4000" username="b7"/>
<account actionclassmap="Grid" auxtimeout="500" defaultactionclass="GridSimulationAgentAction" maxpacketlength="65536" password="1" team="B" timeout="4000" username="b8"/>
<account actionclassmap="Grid" auxtimeout="500" defaultactionclass="GridSimulationAgentAction" maxpacketlength="65536" password="1" team="B" timeout="4000" username="b9"/>
<account actionclassmap="Grid" auxtimeout="500" defaultactionclass="GridSimulationAgentAction" maxpacketlength="65536" password="1" team="B" timeout="4000" username="b10"/>
</accounts>
</conf>
