<?xml version="1.0" encoding="utf-8" standalone="no"?>
<!-- launch-sync-type = timer or key -->
<conf backuppath="backup" launch-sync-type="key" reportpath="." time-to-launch="10000" tournamentmode="0" tournamentname="GridSimulation">
<simulation-server backlog="10" port="12300"/>
<visualization flashport="1099" flashserver="" flashservice="WebServer-SPSInterface"/>
<match>

<simulation configurationclass="GridSimulationConfigurationHandCrafted" file-simulationlog="./log" id="jason4" rmiobserver="" rmixmlobserver="GridSimulationRMIXMLDocumentObserver" rmixmlobsserverhost="localhost" rmixmlobsserverport="1097" simulationclass="GridSimulation" visualisationobserver="GridSimulationVisualizationObserver" xmlobserver="" xmlobserverpath="." xmlstatisticsobserver="">


<configuration xmlns:meta="http://www.tu-clausthal.de/" agentSpeed="1" agentWeight="-200" cowAttractedWeight="10" cowPrivateField="3" cowScareWeight="-7" cowSight="5" cowSpeed="3" emptyWeight="3" epsilon="0.2" htaccess="1" lineOfSight="3" maxNumberOfSteps="1000" numberOfAgents="20" numberOfCows="168" numberOfFences="0" numberOfObstacles="457" obstacleWeight="-4" sizex="80" sizey="100" weight="0.3">
<array item0="1" item1="3" item10="70" item11="72" item12="74" item13="76" item14="78" item15="72" item16="74" item17="76" item18="74" item19="74" item2="5" item3="7" item4="9" item5="3" item6="5" item7="7" item8="5" item9="5" meta:length="20" meta:name="agentPositionX"/>
<array item0="26" item1="26" item10="26" item11="26" item12="26" item13="26" item14="26" item15="29" item16="29" item17="29" item18="31" item19="33" item2="26" item3="26" item4="26" item5="29" item6="29" item7="29" item8="31" item9="33" meta:length="20" meta:name="agentPositionY"/>
<array item0="0" item1="12" meta:length="2" meta:name="stable1X"/>
<array item0="0" item1="21" meta:length="2" meta:name="stable1Y"/>
<array item0="67" item1="79" meta:length="2" meta:name="stable2X"/>
<array item0="0" item1="21" meta:length="2" meta:name="stable2Y"/>
<array item0="13" item1="66" item10="13" item100="25" item101="54" item102="58" item103="66" item104="13" item105="21" item106="25" item107="54" item108="58" item109="66" item11="66" item110="13" item111="21" item112="25" item113="54" item114="58" item115="66" item116="13" item117="21" item118="25" item119="54" item12="13" item120="58" item121="66" item122="13" item123="21" item124="25" item125="54" item126="58" item127="66" item128="13" item129="21" item13="66" item130="25" item131="54" item132="58" item133="66" item134="13" item135="21" item136="25" item137="54" item138="58" item139="66" item14="13" item140="13" item141="21" item142="25" item143="54" item144="58" item145="66" item146="13" item147="21" item148="25" item149="54" item15="66" item150="58" item151="66" item152="13" item153="21" item154="25" item155="54" item156="58" item157="66" item158="13" item159="21" item16="13" item160="25" item161="54" item162="58" item163="66" item164="13" item165="21" item166="25" item167="54" item168="58" item169="66" item17="66" item170="13" item171="21" item172="25" item173="54" item174="58" item175="66" item176="13" item177="21" item178="25" item179="54" item18="13" item180="58" item181="66" item182="13" item183="21" item184="25" item185="54" item186="58" item187="66" item188="13" item189="21" item19="66" item190="25" item191="54" item192="58" item193="66" item194="13" item195="21" item196="25" item197="54" item198="58" item199="66" item2="13" item20="13" item200="13" item201="21" item202="25" item203="54" item204="58" item205="66" item206="13" item207="21" item208="25" item209="54" item21="66" item210="58" item211="66" item212="13" item213="21" item214="25" item215="54" item216="58" item217="66" item218="13" item219="21" item22="13" item220="25" item221="54" item222="58" item223="66" item224="13" item225="21" item226="25" item227="54" item228="58" item229="66" item23="25" item230="13" item231="21" item232="25" item233="54" item234="58" item235="66" item236="13" item237="21" item238="25" item239="54" item24="26" item240="58" item241="66" item242="13" item243="21" item244="25" item245="54" item246="58" item247="66" item248="13" item249="21" item25="27" item250="25" item251="54" item252="58" item253="66" item254="13" item255="21" item256="25" item257="54" item258="58" item259="66" item26="28" item260="13" item261="21" item262="25" item263="54" item264="58" item265="66" item266="13" item267="21" item268="25" item269="54" item27="29" item270="58" item271="66" item272="13" item273="21" item274="25" item275="54" item276="58" item277="66" item278="13" item279="21" item28="30" item280="25" item281="54" item282="58" item283="66" item284="13" item285="21" item286="25" item287="54" item288="58" item289="66" item29="31" item290="13" item291="21" item292="25" item293="54" item294="58" item295="66" item296="13" item297="21" item298="25" item299="54" item3="66" item30="32" item300="58" item301="66" item302="13" item303="21" item304="25" item305="54" item306="58" item307="66" item308="13" item309="21" item31="33" item310="25" item311="54" item312="58" item313="66" item314="13" item315="21" item316="25" item317="54" item318="58" item319="66" item32="34" item320="13" item321="21" item322="25" item323="54" item324="58" item325="66" item326="13" item327="21" item328="25" item329="54" item33="35" item330="58" item331="66" item332="13" item333="21" item334="25" item335="54" item336="58" item337="66" item338="13" item339="21" item34="36" item340="25" item341="54" item342="58" item343="66" item344="13" item345="21" item346="25" item347="54" item348="58" item349="66" item35="37" item350="13" item351="21" item352="25" item353="54" item354="58" item355="66" item356="13" item357="21" item358="25" item359="54" item36="38" item360="58" item361="66" item362="13" item363="21" item364="25" item365="54" item366="58" item367="66" item368="13" item369="21" item37="39" item370="25" item371="54" item372="58" item373="66" item374="13" item375="21" item376="25" item377="27" item378="28" item379="29" item38="40" item380="30" item381="31" item382="32" item383="33" item384="34" item385="35" item386="44" item387="45" item388="46" item389="47" item39="41" item390="48" item391="49" item392="50" item393="51" item394="52" item395="54" item396="58" item397="21" item398="58" item399="21" item4="13" item40="42" item400="58" item401="21" item402="58" item403="21" item404="58" item405="21" item406="58" item407="21" item408="58" item409="21" item41="43" item410="58" item411="21" item412="58" item413="21" item414="58" item415="21" item416="58" item417="21" item418="58" item419="21" item42="44" item420="58" item421="21" item422="58" item423="21" item424="58" item425="21" item426="58" item427="21" item428="58" item429="21" item43="45" item430="58" item431="21" item432="58" item433="21" item434="58" item435="21" item436="58" item437="21" item438="58" item439="21" item44="46" item440="58" item441="21" item442="58" item443="21" item444="58" item445="21" item446="58" item447="21" item448="58" item449="21" item45="47" item450="58" item451="21" item452="58" item453="21" item454="58" item455="21" item456="58" item46="48" item47="49" item48="50" item49="51" item5="66" item50="52" item51="53" item52="54" item53="66" item54="13" item55="25" item56="54" item57="66" item58="13" item59="25" item6="13" item60="54" item61="66" item62="13" item63="25" item64="54" item65="66" item66="13" item67="25" item68="54" item69="66" item7="66" item70="13" item71="25" item72="54" item73="66" item74="13" item75="25" item76="54" item77="66" item78="13" item79="25" item8="13" item80="54" item81="66" item82="13" item83="25" item84="54" item85="66" item86="13" item87="25" item88="54" item89="66" item9="66" item90="13" item91="25" item92="54" item93="66" item94="13" item95="25" item96="54" item97="66" item98="13" item99="21" meta:length="457" meta:name="obstaclePositionX"/>
<array item0="0" item1="0" item10="5" item100="23" item101="23" item102="23" item103="23" item104="24" item105="24" item106="24" item107="24" item108="24" item109="24" item11="5" item110="25" item111="25" item112="25" item113="25" item114="25" item115="25" item116="26" item117="26" item118="26" item119="26" item12="6" item120="26" item121="26" item122="27" item123="27" item124="27" item125="27" item126="27" item127="27" item128="28" item129="28" item13="6" item130="28" item131="28" item132="28" item133="28" item134="29" item135="29" item136="29" item137="29" item138="29" item139="29" item14="7" item140="30" item141="30" item142="30" item143="30" item144="30" item145="30" item146="31" item147="31" item148="31" item149="31" item15="7" item150="31" item151="31" item152="32" item153="32" item154="32" item155="32" item156="32" item157="32" item158="33" item159="33" item16="8" item160="33" item161="33" item162="33" item163="33" item164="34" item165="34" item166="34" item167="34" item168="34" item169="34" item17="8" item170="35" item171="35" item172="35" item173="35" item174="35" item175="35" item176="36" item177="36" item178="36" item179="36" item18="9" item180="36" item181="36" item182="37" item183="37" item184="37" item185="37" item186="37" item187="37" item188="38" item189="38" item19="9" item190="38" item191="38" item192="38" item193="38" item194="39" item195="39" item196="39" item197="39" item198="39" item199="39" item2="1" item20="10" item200="40" item201="40" item202="40" item203="40" item204="40" item205="40" item206="41" item207="41" item208="41" item209="41" item21="10" item210="41" item211="41" item212="42" item213="42" item214="42" item215="42" item216="42" item217="42" item218="43" item219="43" item22="11" item220="43" item221="43" item222="43" item223="43" item224="44" item225="44" item226="44" item227="44" item228="44" item229="44" item23="11" item230="45" item231="45" item232="45" item233="45" item234="45" item235="45" item236="46" item237="46" item238="46" item239="46" item24="11" item240="46" item241="46" item242="47" item243="47" item244="47" item245="47" item246="47" item247="47" item248="48" item249="48" item25="11" item250="48" item251="48" item252="48" item253="48" item254="49" item255="49" item256="49" item257="49" item258="49" item259="49" item26="11" item260="50" item261="50" item262="50" item263="50" item264="50" item265="50" item266="51" item267="51" item268="51" item269="51" item27="11" item270="51" item271="51" item272="52" item273="52" item274="52" item275="52" item276="52" item277="52" item278="53" item279="53" item28="11" item280="53" item281="53" item282="53" item283="53" item284="54" item285="54" item286="54" item287="54" item288="54" item289="54" item29="11" item290="55" item291="55" item292="55" item293="55" item294="55" item295="55" item296="56" item297="56" item298="56" item299="56" item3="1" item30="11" item300="56" item301="56" item302="57" item303="57" item304="57" item305="57" item306="57" item307="57" item308="58" item309="58" item31="11" item310="58" item311="58" item312="58" item313="58" item314="59" item315="59" item316="59" item317="59" item318="59" item319="59" item32="11" item320="60" item321="60" item322="60" item323="60" item324="60" item325="60" item326="61" item327="61" item328="61" item329="61" item33="11" item330="61" item331="61" item332="62" item333="62" item334="62" item335="62" item336="62" item337="62" item338="63" item339="63" item34="11" item340="63" item341="63" item342="63" item343="63" item344="64" item345="64" item346="64" item347="64" item348="64" item349="64" item35="11" item350="65" item351="65" item352="65" item353="65" item354="65" item355="65" item356="66" item357="66" item358="66" item359="66" item36="11" item360="66" item361="66" item362="67" item363="67" item364="67" item365="67" item366="67" item367="67" item368="68" item369="68" item37="11" item370="68" item371="68" item372="68" item373="68" item374="69" item375="69" item376="69" item377="69" item378="69" item379="69" item38="11" item380="69" item381="69" item382="69" item383="69" item384="69" item385="69" item386="69" item387="69" item388="69" item389="69" item39="11" item390="69" item391="69" item392="69" item393="69" item394="69" item395="69" item396="69" item397="70" item398="70" item399="71" item4="2" item40="11" item400="71" item401="72" item402="72" item403="73" item404="73" item405="74" item406="74" item407="75" item408="75" item409="76" item41="11" item410="76" item411="77" item412="77" item413="78" item414="78" item415="79" item416="79" item417="80" item418="80" item419="81" item42="11" item420="81" item421="82" item422="82" item423="83" item424="83" item425="84" item426="84" item427="85" item428="85" item429="86" item43="11" item430="86" item431="87" item432="87" item433="88" item434="88" item435="89" item436="89" item437="90" item438="90" item439="91" item44="11" item440="91" item441="92" item442="92" item443="93" item444="93" item445="94" item446="94" item447="95" item448="95" item449="96" item45="11" item450="96" item451="97" item452="97" item453="98" item454="98" item455="99" item456="99" item46="11" item47="11" item48="11" item49="11" item5="2" item50="11" item51="11" item52="11" item53="11" item54="12" item55="12" item56="12" item57="12" item58="13" item59="13" item6="3" item60="13" item61="13" item62="14" item63="14" item64="14" item65="14" item66="15" item67="15" item68="15" item69="15" item7="3" item70="16" item71="16" item72="16" item73="16" item74="17" item75="17" item76="17" item77="17" item78="18" item79="18" item8="4" item80="18" item81="18" item82="19" item83="19" item84="19" item85="19" item86="20" item87="20" item88="20" item89="20" item9="4" item90="21" item91="21" item92="21" item93="21" item94="22" item95="22" item96="22" item97="22" item98="23" item99="23" meta:length="457" meta:name="obstaclePositionY"/>
<array item0="27" item1="27" item10="32" item100="37" item101="39" item102="41" item103="43" item104="44" item105="45" item106="47" item107="50" item108="51" item109="52" item11="33" item110="27" item111="31" item112="35" item113="37" item114="39" item115="41" item116="43" item117="44" item118="45" item119="47" item12="34" item120="48" item121="51" item122="27" item123="31" item124="35" item125="37" item126="39" item127="41" item128="45" item129="47" item13="35" item130="51" item131="27" item132="31" item133="35" item134="37" item135="39" item136="41" item137="45" item138="47" item139="27" item14="27" item140="31" item141="35" item142="37" item143="39" item144="41" item145="45" item146="47" item147="27" item148="31" item149="35" item15="31" item150="37" item151="39" item152="41" item153="45" item154="47" item155="27" item156="31" item157="35" item158="37" item159="38" item16="35" item160="39" item161="41" item162="43" item163="44" item164="45" item165="47" item166="48" item167="49" item17="27" item18="31" item19="35" item2="28" item20="27" item21="31" item22="35" item23="27" item24="31" item25="35" item26="27" item27="31" item28="35" item29="27" item3="29" item30="31" item31="35" item32="27" item33="31" item34="35" item35="27" item36="31" item37="35" item38="27" item39="31" item4="30" item40="35" item41="27" item42="31" item43="35" item44="27" item45="31" item46="35" item47="27" item48="31" item49="35" item5="31" item50="41" item51="27" item52="31" item53="35" item54="37" item55="38" item56="39" item57="43" item58="44" item59="45" item6="27" item60="47" item61="48" item62="49" item63="27" item64="31" item65="35" item66="37" item67="39" item68="41" item69="43" item7="31" item70="47" item71="27" item72="31" item73="35" item74="37" item75="39" item76="41" item77="43" item78="47" item79="27" item8="27" item80="31" item81="35" item82="37" item83="39" item84="41" item85="43" item86="47" item87="51" item88="27" item89="31" item9="31" item90="35" item91="37" item92="39" item93="41" item94="43" item95="47" item96="51" item97="27" item98="31" item99="35" meta:length="168" meta:name="cowPositionX"/>
<array item0="26" item1="27" item10="29" item100="47" item101="47" item102="47" item103="47" item104="47" item105="47" item106="47" item107="47" item108="47" item109="47" item11="29" item110="48" item111="48" item112="48" item113="48" item114="48" item115="48" item116="48" item117="48" item118="48" item119="48" item12="29" item120="48" item121="48" item122="49" item123="49" item124="49" item125="49" item126="49" item127="49" item128="49" item129="49" item13="29" item130="49" item131="50" item132="50" item133="50" item134="50" item135="50" item136="50" item137="50" item138="50" item139="51" item14="30" item140="51" item141="51" item142="51" item143="51" item144="51" item145="51" item146="51" item147="52" item148="52" item149="52" item15="30" item150="52" item151="52" item152="52" item153="52" item154="52" item155="53" item156="53" item157="53" item158="53" item159="53" item16="30" item160="53" item161="53" item162="53" item163="53" item164="53" item165="53" item166="53" item167="53" item17="31" item18="31" item19="31" item2="27" item20="32" item21="32" item22="32" item23="33" item24="33" item25="33" item26="34" item27="34" item28="34" item29="35" item3="27" item30="35" item31="35" item32="36" item33="36" item34="36" item35="37" item36="37" item37="37" item38="38" item39="38" item4="27" item40="38" item41="39" item42="39" item43="39" item44="40" item45="40" item46="40" item47="41" item48="41" item49="41" item5="27" item50="41" item51="42" item52="42" item53="42" item54="42" item55="42" item56="42" item57="42" item58="42" item59="42" item6="28" item60="42" item61="42" item62="42" item63="43" item64="43" item65="43" item66="43" item67="43" item68="43" item69="43" item7="28" item70="43" item71="44" item72="44" item73="44" item74="44" item75="44" item76="44" item77="44" item78="44" item79="45" item8="29" item80="45" item81="45" item82="45" item83="45" item84="45" item85="45" item86="45" item87="45" item88="46" item89="46" item9="29" item90="46" item91="46" item92="46" item93="46" item94="46" item95="46" item96="46" item97="47" item98="47" item99="47" meta:length="168" meta:name="cowPositionY"/>
<array meta:length="0" meta:name="switchX"/>
<array meta:length="0" meta:name="switchY"/>
<array meta:length="0" meta:name="fenceLength"/>
<array meta:length="0" meta:name="fenceDirections"/>
</configuration>
<agents>

<agent agentclass="GridSimulationAgent" agentcreationclass="GridSimulationAgentParameter" team="red">
<configuration/>
</agent>
<agent agentclass="GridSimulationAgent" agentcreationclass="GridSimulationAgentParameter" team="red">
<configuration/>
</agent>
<agent agentclass="GridSimulationAgent" agentcreationclass="GridSimulationAgentParameter" team="red">
<configuration/>
</agent>
<agent agentclass="GridSimulationAgent" agentcreationclass="GridSimulationAgentParameter" team="red">
<configuration/>
</agent>
<agent agentclass="GridSimulationAgent" agentcreationclass="GridSimulationAgentParameter" team="red">
<configuration/>
</agent>
<agent agentclass="GridSimulationAgent" agentcreationclass="GridSimulationAgentParameter" team="red">
<configuration/>
</agent>
<agent agentclass="GridSimulationAgent" agentcreationclass="GridSimulationAgentParameter" team="red">
<configuration/>
</agent>
<agent agentclass="GridSimulationAgent" agentcreationclass="GridSimulationAgentParameter" team="red">
<configuration/>
</agent>
<agent agentclass="GridSimulationAgent" agentcreationclass="GridSimulationAgentParameter" team="red">
<configuration/>
</agent>
<agent agentclass="GridSimulationAgent" agentcreationclass="GridSimulationAgentParameter" team="red">
<configuration/>
</agent>
<agent agentclass="GridSimulationAgent" agentcreationclass="GridSimulationAgentParameter" team="blue">
<configuration/>
</agent>
<agent agentclass="GridSimulationAgent" agentcreationclass="GridSimulationAgentParameter" team="blue">
<configuration/>
</agent>
<agent agentclass="GridSimulationAgent" agentcreationclass="GridSimulationAgentParameter" team="blue">
<configuration/>
</agent>
<agent agentclass="GridSimulationAgent" agentcreationclass="GridSimulationAgentParameter" team="blue">
<configuration/>
</agent>
<agent agentclass="GridSimulationAgent" agentcreationclass="GridSimulationAgentParameter" team="blue">
<configuration/>
</agent>
<agent agentclass="GridSimulationAgent" agentcreationclass="GridSimulationAgentParameter" team="blue">
<configuration/>
</agent>
<agent agentclass="GridSimulationAgent" agentcreationclass="GridSimulationAgentParameter" team="blue">
<configuration/>
</agent>
<agent agentclass="GridSimulationAgent" agentcreationclass="GridSimulationAgentParameter" team="blue">
<configuration/>
</agent>
<agent agentclass="GridSimulationAgent" agentcreationclass="GridSimulationAgentParameter" team="blue">
<configuration/>
</agent>
<agent agentclass="GridSimulationAgent" agentcreationclass="GridSimulationAgentParameter" team="blue">
<configuration/>
</agent>
</agents>
</simulation>
</match>
<accounts>
<actionclassmap name="Grid">
<actionclass class="GridSimulationAgentAction" id="action"/>
<actionclass class="massim.InvalidAction" id="invalid"/>
</actionclassmap>

<account actionclassmap="Grid" auxtimeout="500" defaultactionclass="GridSimulationAgentAction" maxpacketlength="65536" password="1" team="A" timeout="1000" username="a1"/>
<account actionclassmap="Grid" auxtimeout="500" defaultactionclass="GridSimulationAgentAction" maxpacketlength="65536" password="1" team="A" timeout="1000" username="a2"/>
<account actionclassmap="Grid" auxtimeout="500" defaultactionclass="GridSimulationAgentAction" maxpacketlength="65536" password="1" team="A" timeout="1000" username="a3"/>
<account actionclassmap="Grid" auxtimeout="500" defaultactionclass="GridSimulationAgentAction" maxpacketlength="65536" password="1" team="A" timeout="1000" username="a4"/>
<account actionclassmap="Grid" auxtimeout="500" defaultactionclass="GridSimulationAgentAction" maxpacketlength="65536" password="1" team="A" timeout="1000" username="a5"/>
<account actionclassmap="Grid" auxtimeout="500" defaultactionclass="GridSimulationAgentAction" maxpacketlength="65536" password="1" team="A" timeout="1000" username="a6"/>
<account actionclassmap="Grid" auxtimeout="500" defaultactionclass="GridSimulationAgentAction" maxpacketlength="65536" password="1" team="A" timeout="1000" username="a7"/>
<account actionclassmap="Grid" auxtimeout="500" defaultactionclass="GridSimulationAgentAction" maxpacketlength="65536" password="1" team="A" timeout="1000" username="a8"/>
<account actionclassmap="Grid" auxtimeout="500" defaultactionclass="GridSimulationAgentAction" maxpacketlength="65536" password="1" team="A" timeout="1000" username="a9"/>
<account actionclassmap="Grid" auxtimeout="500" defaultactionclass="GridSimulationAgentAction" maxpacketlength="65536" password="1" team="A" timeout="1000" username="a10"/>
<account actionclassmap="Grid" auxtimeout="500" defaultactionclass="GridSimulationAgentAction" maxpacketlength="65536" password="1" team="B" timeout="1000" username="b1"/>
<account actionclassmap="Grid" auxtimeout="500" defaultactionclass="GridSimulationAgentAction" maxpacketlength="65536" password="1" team="B" timeout="1000" username="b2"/>
<account actionclassmap="Grid" auxtimeout="500" defaultactionclass="GridSimulationAgentAction" maxpacketlength="65536" password="1" team="B" timeout="1000" username="b3"/>
<account actionclassmap="Grid" auxtimeout="500" defaultactionclass="GridSimulationAgentAction" maxpacketlength="65536" password="1" team="B" timeout="1000" username="b4"/>
<account actionclassmap="Grid" auxtimeout="500" defaultactionclass="GridSimulationAgentAction" maxpacketlength="65536" password="1" team="B" timeout="1000" username="b5"/>
<account actionclassmap="Grid" auxtimeout="500" defaultactionclass="GridSimulationAgentAction" maxpacketlength="65536" password="1" team="B" timeout="1000" username="b6"/>
<account actionclassmap="Grid" auxtimeout="500" defaultactionclass="GridSimulationAgentAction" maxpacketlength="65536" password="1" team="B" timeout="1000" username="b7"/>
<account actionclassmap="Grid" auxtimeout="500" defaultactionclass="GridSimulationAgentAction" maxpacketlength="65536" password="1" team="B" timeout="1000" username="b8"/>
<account actionclassmap="Grid" auxtimeout="500" defaultactionclass="GridSimulationAgentAction" maxpacketlength="65536" password="1" team="B" timeout="1000" username="b9"/>
<account actionclassmap="Grid" auxtimeout="500" defaultactionclass="GridSimulationAgentAction" maxpacketlength="65536" password="1" team="B" timeout="1000" username="b10"/>
</accounts>
</conf>
