<?xml version="1.0" encoding="utf-8" standalone="no"?>
<!-- launch-sync-type = timer or key -->
<conf backuppath="backup" launch-sync-type="key" reportpath="." time-to-launch="10000" tournamentmode="0" tournamentname="GridSimulation">
<simulation-server backlog="10" port="12300"/>
<visualization flashport="1099" flashserver="" flashservice="WebServer-SPSInterface"/>
<match>

<simulation configurationclass="GridSimulationConfigurationHandCrafted" file-simulationlog="./log" id="demo2" rmiobserver="" rmixmlobserver="GridSimulationRMIXMLDocumentObserver" rmixmlobsserverhost="localhost" rmixmlobsserverport="1097" simulationclass="GridSimulation" visualisationobserver="" xmlobserver="" xmlobserverpath="." xmlstatisticsobserver="">

<configuration xmlns:meta="http://www.tu-clausthal.de/" agentSpeed="1" agentWeight="-200" cowAttractedWeight="10" cowPrivateField="2" cowScareWeight="-100" cowSight="5" cowSpeed="3" emptyWeight="3" epsilon="0.2" htaccess="1" lineOfSight="8" maxNumberOfSteps="1000" numberOfAgents="20" numberOfCows="0" numberOfFences="0" numberOfObstacles="692" obstacleWeight="-4" sizex="80" sizey="80" weight="0.3">

<array item0="11" item1="43" item10="37" item11="67" item12="37" item13="67" item14="37" item15="67" item16="37" item17="67" item18="37" item19="67" item2="11" item3="43" item4="11" item5="43" item6="11" item7="43" item8="11" item9="43" meta:length="20" meta:name="agentPositionX"/>
<array item0="5" item1="5" item10="65" item11="65" item12="67" item13="67" item14="69" item15="69" item16="71" item17="71" item18="73" item19="73" item2="7" item3="7" item4="9" item5="9" item6="11" item7="11" item8="13" item9="14" meta:length="20" meta:name="agentPositionY"/>
<array item0="59" item1="78" meta:length="2" meta:name="stable1X"/>
<array item0="1" item1="21" meta:length="2" meta:name="stable1Y"/>
<array item0="1" item1="21" meta:length="2" meta:name="stable2X"/>
<array item0="59" item1="78" meta:length="2" meta:name="stable2Y"/>
<array item0="0" item1="1" item10="10" item100="0" item101="79" item102="0" item103="79" item104="0" item105="79" item106="0" item107="79" item108="0" item109="79" item11="11" item110="0" item111="79" item112="0" item113="79" item114="0" item115="79" item116="0" item117="79" item118="0" item119="58" item12="12" item120="79" item121="0" item122="58" item123="79" item124="0" item125="58" item126="79" item127="0" item128="1" item129="2" item13="13" item130="3" item131="21" item132="22" item133="23" item134="24" item135="25" item136="26" item137="27" item138="28" item139="29" item14="14" item140="30" item141="31" item142="32" item143="33" item144="34" item145="35" item146="36" item147="37" item148="38" item149="39" item15="15" item150="40" item151="41" item152="42" item153="43" item154="44" item155="45" item156="46" item157="47" item158="48" item159="49" item16="16" item160="50" item161="51" item162="52" item163="53" item164="54" item165="55" item166="56" item167="57" item168="58" item169="59" item17="17" item170="60" item171="61" item172="62" item173="63" item174="64" item175="65" item176="66" item177="67" item178="68" item179="69" item18="18" item180="70" item181="71" item182="72" item183="73" item184="74" item185="75" item186="76" item187="77" item188="78" item189="79" item19="19" item190="0" item191="1" item192="2" item193="3" item194="21" item195="22" item196="23" item197="24" item198="25" item199="26" item2="2" item20="20" item200="27" item201="28" item202="29" item203="30" item204="31" item205="32" item206="33" item207="34" item208="35" item209="36" item21="21" item210="37" item211="38" item212="39" item213="40" item214="41" item215="42" item216="43" item217="44" item218="45" item219="46" item22="22" item220="47" item221="48" item222="49" item223="50" item224="51" item225="52" item226="53" item227="54" item228="55" item229="56" item23="23" item230="57" item231="58" item232="59" item233="60" item234="61" item235="62" item236="63" item237="64" item238="65" item239="66" item24="24" item240="67" item241="68" item242="69" item243="70" item244="71" item245="72" item246="73" item247="74" item248="75" item249="76" item25="25" item250="77" item251="78" item252="79" item253="0" item254="1" item255="2" item256="3" item257="21" item258="22" item259="23" item26="26" item260="24" item261="25" item262="26" item263="27" item264="28" item265="29" item266="30" item267="31" item268="32" item269="33" item27="27" item270="34" item271="35" item272="36" item273="37" item274="38" item275="39" item276="40" item277="41" item278="42" item279="43" item28="28" item280="44" item281="45" item282="46" item283="47" item284="48" item285="49" item286="50" item287="51" item288="52" item289="53" item29="29" item290="54" item291="55" item292="56" item293="57" item294="58" item295="59" item296="60" item297="61" item298="62" item299="63" item3="3" item30="30" item300="64" item301="65" item302="66" item303="67" item304="68" item305="69" item306="70" item307="71" item308="72" item309="73" item31="31" item310="74" item311="75" item312="76" item313="77" item314="78" item315="79" item316="0" item317="79" item318="0" item319="79" item32="32" item320="0" item321="79" item322="0" item323="79" item324="0" item325="79" item326="0" item327="79" item328="0" item329="79" item33="33" item330="0" item331="79" item332="0" item333="79" item334="0" item335="79" item336="0" item337="79" item338="0" item339="79" item34="34" item340="0" item341="79" item342="0" item343="79" item344="0" item345="79" item346="0" item347="79" item348="0" item349="79" item35="35" item350="0" item351="79" item352="0" item353="79" item354="0" item355="79" item356="0" item357="79" item358="0" item359="79" item36="36" item360="0" item361="79" item362="0" item363="79" item364="0" item365="79" item366="0" item367="79" item368="0" item369="79" item37="37" item370="0" item371="79" item372="0" item373="79" item374="0" item375="79" item376="0" item377="79" item378="0" item379="1" item38="38" item380="2" item381="3" item382="4" item383="5" item384="6" item385="7" item386="8" item387="9" item388="10" item389="11" item39="39" item390="12" item391="13" item392="14" item393="15" item394="16" item395="17" item396="18" item397="19" item398="20" item399="21" item4="4" item40="40" item400="22" item401="23" item402="24" item403="25" item404="26" item405="27" item406="28" item407="29" item408="30" item409="31" item41="41" item410="32" item411="33" item412="34" item413="35" item414="36" item415="37" item416="38" item417="39" item418="40" item419="41" item42="42" item420="42" item421="43" item422="44" item423="45" item424="46" item425="47" item426="48" item427="49" item428="50" item429="51" item43="43" item430="52" item431="53" item432="54" item433="55" item434="56" item435="57" item436="58" item437="76" item438="77" item439="78" item44="44" item440="79" item441="0" item442="1" item443="2" item444="3" item445="4" item446="5" item447="6" item448="7" item449="8" item45="45" item450="9" item451="10" item452="11" item453="12" item454="13" item455="14" item456="15" item457="16" item458="17" item459="18" item46="46" item460="19" item461="20" item462="21" item463="22" item464="23" item465="24" item466="25" item467="26" item468="27" item469="28" item47="47" item470="29" item471="30" item472="31" item473="32" item474="33" item475="34" item476="35" item477="36" item478="37" item479="38" item48="48" item480="39" item481="40" item482="41" item483="42" item484="43" item485="44" item486="45" item487="46" item488="47" item489="48" item49="49" item490="49" item491="50" item492="51" item493="52" item494="53" item495="54" item496="55" item497="56" item498="57" item499="58" item5="5" item50="50" item500="76" item501="77" item502="78" item503="79" item504="0" item505="1" item506="2" item507="3" item508="4" item509="5" item51="51" item510="6" item511="7" item512="8" item513="9" item514="10" item515="11" item516="12" item517="13" item518="14" item519="15" item52="52" item520="16" item521="17" item522="18" item523="19" item524="20" item525="21" item526="22" item527="23" item528="24" item529="25" item53="53" item530="26" item531="27" item532="28" item533="29" item534="30" item535="31" item536="32" item537="33" item538="34" item539="35" item54="54" item540="36" item541="37" item542="38" item543="39" item544="40" item545="41" item546="42" item547="43" item548="44" item549="45" item55="55" item550="46" item551="47" item552="48" item553="49" item554="50" item555="51" item556="52" item557="53" item558="54" item559="55" item56="56" item560="56" item561="57" item562="58" item563="76" item564="77" item565="78" item566="79" item567="0" item568="22" item569="79" item57="57" item570="0" item571="22" item572="79" item573="0" item574="22" item575="79" item576="0" item577="79" item578="0" item579="79" item58="58" item580="0" item581="79" item582="0" item583="79" item584="0" item585="79" item586="0" item587="79" item588="0" item589="79" item59="59" item590="0" item591="79" item592="0" item593="79" item594="0" item595="79" item596="0" item597="79" item598="0" item599="79" item6="6" item60="60" item600="0" item601="79" item602="0" item603="79" item604="0" item605="79" item606="0" item607="22" item608="79" item609="0" item61="61" item610="22" item611="79" item612="0" item613="1" item614="2" item615="3" item616="4" item617="5" item618="6" item619="7" item62="62" item620="8" item621="9" item622="10" item623="11" item624="12" item625="13" item626="14" item627="15" item628="16" item629="17" item63="63" item630="18" item631="19" item632="20" item633="21" item634="22" item635="23" item636="24" item637="25" item638="26" item639="27" item64="64" item640="28" item641="29" item642="30" item643="31" item644="32" item645="33" item646="34" item647="35" item648="36" item649="37" item65="65" item650="38" item651="39" item652="40" item653="41" item654="42" item655="43" item656="44" item657="45" item658="46" item659="47" item66="66" item660="48" item661="49" item662="50" item663="51" item664="52" item665="53" item666="54" item667="55" item668="56" item669="57" item67="67" item670="58" item671="59" item672="60" item673="61" item674="62" item675="63" item676="64" item677="65" item678="66" item679="67" item68="68" item680="68" item681="69" item682="70" item683="71" item684="72" item685="73" item686="74" item687="75" item688="76" item689="77" item69="69" item690="78" item691="79" item7="7" item70="70" item71="71" item72="72" item73="73" item74="74" item75="75" item76="76" item77="77" item78="78" item79="79" item8="8" item80="0" item81="58" item82="79" item83="0" item84="58" item85="79" item86="0" item87="79" item88="0" item89="79" item9="9" item90="0" item91="79" item92="0" item93="79" item94="0" item95="79" item96="0" item97="79" item98="0" item99="79" meta:length="692" meta:name="obstaclePositionX"/>
<array item0="0" item1="0" item10="0" item100="10" item101="10" item102="11" item103="11" item104="12" item105="12" item106="13" item107="13" item108="14" item109="14" item11="0" item110="15" item111="15" item112="16" item113="16" item114="17" item115="17" item116="18" item117="18" item118="19" item119="19" item12="0" item120="19" item121="20" item122="20" item123="20" item124="21" item125="21" item126="21" item127="22" item128="22" item129="22" item13="0" item130="22" item131="22" item132="22" item133="22" item134="22" item135="22" item136="22" item137="22" item138="22" item139="22" item14="0" item140="22" item141="22" item142="22" item143="22" item144="22" item145="22" item146="22" item147="22" item148="22" item149="22" item15="0" item150="22" item151="22" item152="22" item153="22" item154="22" item155="22" item156="22" item157="22" item158="22" item159="22" item16="0" item160="22" item161="22" item162="22" item163="22" item164="22" item165="22" item166="22" item167="22" item168="22" item169="22" item17="0" item170="22" item171="22" item172="22" item173="22" item174="22" item175="22" item176="22" item177="22" item178="22" item179="22" item18="0" item180="22" item181="22" item182="22" item183="22" item184="22" item185="22" item186="22" item187="22" item188="22" item189="22" item19="0" item190="23" item191="23" item192="23" item193="23" item194="23" item195="23" item196="23" item197="23" item198="23" item199="23" item2="0" item20="0" item200="23" item201="23" item202="23" item203="23" item204="23" item205="23" item206="23" item207="23" item208="23" item209="23" item21="0" item210="23" item211="23" item212="23" item213="23" item214="23" item215="23" item216="23" item217="23" item218="23" item219="23" item22="0" item220="23" item221="23" item222="23" item223="23" item224="23" item225="23" item226="23" item227="23" item228="23" item229="23" item23="0" item230="23" item231="23" item232="23" item233="23" item234="23" item235="23" item236="23" item237="23" item238="23" item239="23" item24="0" item240="23" item241="23" item242="23" item243="23" item244="23" item245="23" item246="23" item247="23" item248="23" item249="23" item25="0" item250="23" item251="23" item252="23" item253="24" item254="24" item255="24" item256="24" item257="24" item258="24" item259="24" item26="0" item260="24" item261="24" item262="24" item263="24" item264="24" item265="24" item266="24" item267="24" item268="24" item269="24" item27="0" item270="24" item271="24" item272="24" item273="24" item274="24" item275="24" item276="24" item277="24" item278="24" item279="24" item28="0" item280="24" item281="24" item282="24" item283="24" item284="24" item285="24" item286="24" item287="24" item288="24" item289="24" item29="0" item290="24" item291="24" item292="24" item293="24" item294="24" item295="24" item296="24" item297="24" item298="24" item299="24" item3="0" item30="0" item300="24" item301="24" item302="24" item303="24" item304="24" item305="24" item306="24" item307="24" item308="24" item309="24" item31="0" item310="24" item311="24" item312="24" item313="24" item314="24" item315="24" item316="25" item317="25" item318="26" item319="26" item32="0" item320="27" item321="27" item322="28" item323="28" item324="29" item325="29" item326="30" item327="30" item328="31" item329="31" item33="0" item330="32" item331="32" item332="33" item333="33" item334="34" item335="34" item336="35" item337="35" item338="36" item339="36" item34="0" item340="37" item341="37" item342="38" item343="38" item344="39" item345="39" item346="40" item347="40" item348="41" item349="41" item35="0" item350="42" item351="42" item352="43" item353="43" item354="44" item355="44" item356="45" item357="45" item358="46" item359="46" item36="0" item360="47" item361="47" item362="48" item363="48" item364="49" item365="49" item366="50" item367="50" item368="51" item369="51" item37="0" item370="52" item371="52" item372="53" item373="53" item374="54" item375="54" item376="55" item377="55" item378="56" item379="56" item38="0" item380="56" item381="56" item382="56" item383="56" item384="56" item385="56" item386="56" item387="56" item388="56" item389="56" item39="0" item390="56" item391="56" item392="56" item393="56" item394="56" item395="56" item396="56" item397="56" item398="56" item399="56" item4="0" item40="0" item400="56" item401="56" item402="56" item403="56" item404="56" item405="56" item406="56" item407="56" item408="56" item409="56" item41="0" item410="56" item411="56" item412="56" item413="56" item414="56" item415="56" item416="56" item417="56" item418="56" item419="56" item42="0" item420="56" item421="56" item422="56" item423="56" item424="56" item425="56" item426="56" item427="56" item428="56" item429="56" item43="0" item430="56" item431="56" item432="56" item433="56" item434="56" item435="56" item436="56" item437="56" item438="56" item439="56" item44="0" item440="56" item441="57" item442="57" item443="57" item444="57" item445="57" item446="57" item447="57" item448="57" item449="57" item45="0" item450="57" item451="57" item452="57" item453="57" item454="57" item455="57" item456="57" item457="57" item458="57" item459="57" item46="0" item460="57" item461="57" item462="57" item463="57" item464="57" item465="57" item466="57" item467="57" item468="57" item469="57" item47="0" item470="57" item471="57" item472="57" item473="57" item474="57" item475="57" item476="57" item477="57" item478="57" item479="57" item48="0" item480="57" item481="57" item482="57" item483="57" item484="57" item485="57" item486="57" item487="57" item488="57" item489="57" item49="0" item490="57" item491="57" item492="57" item493="57" item494="57" item495="57" item496="57" item497="57" item498="57" item499="57" item5="0" item50="0" item500="57" item501="57" item502="57" item503="57" item504="58" item505="58" item506="58" item507="58" item508="58" item509="58" item51="0" item510="58" item511="58" item512="58" item513="58" item514="58" item515="58" item516="58" item517="58" item518="58" item519="58" item52="0" item520="58" item521="58" item522="58" item523="58" item524="58" item525="58" item526="58" item527="58" item528="58" item529="58" item53="0" item530="58" item531="58" item532="58" item533="58" item534="58" item535="58" item536="58" item537="58" item538="58" item539="58" item54="0" item540="58" item541="58" item542="58" item543="58" item544="58" item545="58" item546="58" item547="58" item548="58" item549="58" item55="0" item550="58" item551="58" item552="58" item553="58" item554="58" item555="58" item556="58" item557="58" item558="58" item559="58" item56="0" item560="58" item561="58" item562="58" item563="58" item564="58" item565="58" item566="58" item567="59" item568="59" item569="59" item57="0" item570="60" item571="60" item572="60" item573="61" item574="61" item575="61" item576="62" item577="62" item578="63" item579="63" item58="0" item580="64" item581="64" item582="65" item583="65" item584="66" item585="66" item586="67" item587="67" item588="68" item589="68" item59="0" item590="69" item591="69" item592="70" item593="70" item594="71" item595="71" item596="72" item597="72" item598="73" item599="73" item6="0" item60="0" item600="74" item601="74" item602="75" item603="75" item604="76" item605="76" item606="77" item607="77" item608="77" item609="78" item61="0" item610="78" item611="78" item612="79" item613="79" item614="79" item615="79" item616="79" item617="79" item618="79" item619="79" item62="0" item620="79" item621="79" item622="79" item623="79" item624="79" item625="79" item626="79" item627="79" item628="79" item629="79" item63="0" item630="79" item631="79" item632="79" item633="79" item634="79" item635="79" item636="79" item637="79" item638="79" item639="79" item64="0" item640="79" item641="79" item642="79" item643="79" item644="79" item645="79" item646="79" item647="79" item648="79" item649="79" item65="0" item650="79" item651="79" item652="79" item653="79" item654="79" item655="79" item656="79" item657="79" item658="79" item659="79" item66="0" item660="79" item661="79" item662="79" item663="79" item664="79" item665="79" item666="79" item667="79" item668="79" item669="79" item67="0" item670="79" item671="79" item672="79" item673="79" item674="79" item675="79" item676="79" item677="79" item678="79" item679="79" item68="0" item680="79" item681="79" item682="79" item683="79" item684="79" item685="79" item686="79" item687="79" item688="79" item689="79" item69="0" item690="79" item691="79" item7="0" item70="0" item71="0" item72="0" item73="0" item74="0" item75="0" item76="0" item77="0" item78="0" item79="0" item8="0" item80="1" item81="1" item82="1" item83="2" item84="2" item85="2" item86="3" item87="3" item88="4" item89="4" item9="0" item90="5" item91="5" item92="6" item93="6" item94="7" item95="7" item96="8" item97="8" item98="9" item99="9" meta:length="692" meta:name="obstaclePositionY"/>
<array meta:length="0" meta:name="cowPositionX"/>
<array meta:length="0" meta:name="cowPositionY"/>
<array meta:length="0" meta:name="switchX"/>
<array meta:length="0" meta:name="switchY"/>
<array meta:length="0" meta:name="fenceLength"/>
<array meta:length="0" meta:name="fenceDirections"/>
</configuration>
<agents>

<agent agentclass="GridSimulationAgent" agentcreationclass="GridSimulationAgentParameter" team="red">
<configuration/>
</agent>
<agent agentclass="GridSimulationAgent" agentcreationclass="GridSimulationAgentParameter" team="red">
<configuration/>
</agent>
<agent agentclass="GridSimulationAgent" agentcreationclass="GridSimulationAgentParameter" team="red">
<configuration/>
</agent>
<agent agentclass="GridSimulationAgent" agentcreationclass="GridSimulationAgentParameter" team="red">
<configuration/>
</agent>
<agent agentclass="GridSimulationAgent" agentcreationclass="GridSimulationAgentParameter" team="red">
<configuration/>
</agent>
<agent agentclass="GridSimulationAgent" agentcreationclass="GridSimulationAgentParameter" team="red">
<configuration/>
</agent>
<agent agentclass="GridSimulationAgent" agentcreationclass="GridSimulationAgentParameter" team="red">
<configuration/>
</agent>
<agent agentclass="GridSimulationAgent" agentcreationclass="GridSimulationAgentParameter" team="red">
<configuration/>
</agent>
<agent agentclass="GridSimulationAgent" agentcreationclass="GridSimulationAgentParameter" team="red">
<configuration/>
</agent>
<agent agentclass="GridSimulationAgent" agentcreationclass="GridSimulationAgentParameter" team="red">
<configuration/>
</agent>
<agent agentclass="GridSimulationAgent" agentcreationclass="GridSimulationAgentParameter" team="blue">
<configuration/>
</agent>
<agent agentclass="GridSimulationAgent" agentcreationclass="GridSimulationAgentParameter" team="blue">
<configuration/>
</agent>
<agent agentclass="GridSimulationAgent" agentcreationclass="GridSimulationAgentParameter" team="blue">
<configuration/>
</agent>
<agent agentclass="GridSimulationAgent" agentcreationclass="GridSimulationAgentParameter" team="blue">
<configuration/>
</agent>
<agent agentclass="GridSimulationAgent" agentcreationclass="GridSimulationAgentParameter" team="blue">
<configuration/>
</agent>
<agent agentclass="GridSimulationAgent" agentcreationclass="GridSimulationAgentParameter" team="blue">
<configuration/>
</agent>
<agent agentclass="GridSimulationAgent" agentcreationclass="GridSimulationAgentParameter" team="blue">
<configuration/>
</agent>
<agent agentclass="GridSimulationAgent" agentcreationclass="GridSimulationAgentParameter" team="blue">
<configuration/>
</agent>
<agent agentclass="GridSimulationAgent" agentcreationclass="GridSimulationAgentParameter" team="blue">
<configuration/>
</agent>
<agent agentclass="GridSimulationAgent" agentcreationclass="GridSimulationAgentParameter" team="blue">
<configuration/>
</agent>
</agents>
</simulation>
</match>
<accounts>
<actionclassmap name="Grid">
<actionclass class="GridSimulationAgentAction" id="action"/>
<actionclass class="massim.InvalidAction" id="invalid"/>
</actionclassmap>

<account actionclassmap="Grid" auxtimeout="500" defaultactionclass="GridSimulationAgentAction" maxpacketlength="65536" password="1" team="A" timeout="4000" username="a1"/>
<account actionclassmap="Grid" auxtimeout="500" defaultactionclass="GridSimulationAgentAction" maxpacketlength="65536" password="1" team="A" timeout="4000" username="a2"/>
<account actionclassmap="Grid" auxtimeout="500" defaultactionclass="GridSimulationAgentAction" maxpacketlength="65536" password="1" team="A" timeout="4000" username="a3"/>
<account actionclassmap="Grid" auxtimeout="500" defaultactionclass="GridSimulationAgentAction" maxpacketlength="65536" password="1" team="A" timeout="4000" username="a4"/>
<account actionclassmap="Grid" auxtimeout="500" defaultactionclass="GridSimulationAgentAction" maxpacketlength="65536" password="1" team="A" timeout="4000" username="a5"/>
<account actionclassmap="Grid" auxtimeout="500" defaultactionclass="GridSimulationAgentAction" maxpacketlength="65536" password="1" team="A" timeout="4000" username="a6"/>
<account actionclassmap="Grid" auxtimeout="500" defaultactionclass="GridSimulationAgentAction" maxpacketlength="65536" password="1" team="A" timeout="4000" username="a7"/>
<account actionclassmap="Grid" auxtimeout="500" defaultactionclass="GridSimulationAgentAction" maxpacketlength="65536" password="1" team="A" timeout="4000" username="a8"/>
<account actionclassmap="Grid" auxtimeout="500" defaultactionclass="GridSimulationAgentAction" maxpacketlength="65536" password="1" team="A" timeout="4000" username="a9"/>
<account actionclassmap="Grid" auxtimeout="500" defaultactionclass="GridSimulationAgentAction" maxpacketlength="65536" password="1" team="A" timeout="4000" username="a10"/>
<account actionclassmap="Grid" auxtimeout="500" defaultactionclass="GridSimulationAgentAction" maxpacketlength="65536" password="1" team="B" timeout="4000" username="b1"/>
<account actionclassmap="Grid" auxtimeout="500" defaultactionclass="GridSimulationAgentAction" maxpacketlength="65536" password="1" team="B" timeout="4000" username="b2"/>
<account actionclassmap="Grid" auxtimeout="500" defaultactionclass="GridSimulationAgentAction" maxpacketlength="65536" password="1" team="B" timeout="4000" username="b3"/>
<account actionclassmap="Grid" auxtimeout="500" defaultactionclass="GridSimulationAgentAction" maxpacketlength="65536" password="1" team="B" timeout="4000" username="b4"/>
<account actionclassmap="Grid" auxtimeout="500" defaultactionclass="GridSimulationAgentAction" maxpacketlength="65536" password="1" team="B" timeout="4000" username="b5"/>
<account actionclassmap="Grid" auxtimeout="500" defaultactionclass="GridSimulationAgentAction" maxpacketlength="65536" password="1" team="B" timeout="4000" username="b6"/>
<account actionclassmap="Grid" auxtimeout="500" defaultactionclass="GridSimulationAgentAction" maxpacketlength="65536" password="1" team="B" timeout="4000" username="b7"/>
<account actionclassmap="Grid" auxtimeout="500" defaultactionclass="GridSimulationAgentAction" maxpacketlength="65536" password="1" team="B" timeout="4000" username="b8"/>
<account actionclassmap="Grid" auxtimeout="500" defaultactionclass="GridSimulationAgentAction" maxpacketlength="65536" password="1" team="B" timeout="4000" username="b9"/>
<account actionclassmap="Grid" auxtimeout="500" defaultactionclass="GridSimulationAgentAction" maxpacketlength="65536" password="1" team="B" timeout="4000" username="b10"/>
</accounts>
</conf>
